{"/Users/kohvinleon/Documents/CS3219-G22/backend/chat/__tests__/__fixtures__/jest-mongo.ts": {"path":"/Users/kohvinleon/Documents/CS3219-G22/backend/chat/__tests__/__fixtures__/jest-mongo.ts","statementMap":{"0":{"start":{"line":1,"column":0},"end":{"line":1,"column":32}},"1":{"start":{"line":2,"column":0},"end":{"line":2,"column":58}},"2":{"start":{"line":3,"column":0},"end":{"line":3,"column":24}},"3":{"start":{"line":5,"column":16},"end":{"line":7,"column":1}},"4":{"start":{"line":6,"column":2},"end":{"line":6,"column":42}},"5":{"start":{"line":48,"column":66},"end":{"line":48,"column":73}},"6":{"start":{"line":9,"column":25},"end":{"line":9,"column":71}},"7":{"start":{"line":48,"column":48},"end":{"line":48,"column":64}},"8":{"start":{"line":15,"column":14},"end":{"line":15,"column":40}},"9":{"start":{"line":17,"column":23},"end":{"line":22,"column":4}},"10":{"start":{"line":24,"column":2},"end":{"line":24,"column":30}},"11":{"start":{"line":48,"column":9},"end":{"line":48,"column":16}},"12":{"start":{"line":30,"column":22},"end":{"line":34,"column":1}},"13":{"start":{"line":31,"column":2},"end":{"line":31,"column":43}},"14":{"start":{"line":32,"column":2},"end":{"line":32,"column":36}},"15":{"start":{"line":33,"column":2},"end":{"line":33,"column":33}},"16":{"start":{"line":48,"column":18},"end":{"line":48,"column":31}},"17":{"start":{"line":39,"column":22},"end":{"line":46,"column":1}},"18":{"start":{"line":40,"column":22},"end":{"line":40,"column":53}},"19":{"start":{"line":42,"column":2},"end":{"line":45,"column":null}},"20":{"start":{"line":43,"column":23},"end":{"line":43,"column":39}},"21":{"start":{"line":44,"column":4},"end":{"line":44,"column":36}},"22":{"start":{"line":48,"column":33},"end":{"line":48,"column":46}}},"fnMap":{"0":{"name":"(anonymous_1)","decl":{"start":{"line":5,"column":16},"end":{"line":5,"column":21}},"loc":{"start":{"line":5,"column":27},"end":{"line":7,"column":1}}},"1":{"name":"connect","decl":{"start":{"line":14,"column":15},"end":{"line":14,"column":22}},"loc":{"start":{"line":14,"column":22},"end":{"line":25,"column":1}}},"2":{"name":"(anonymous_3)","decl":{"start":{"line":30,"column":22},"end":{"line":30,"column":27}},"loc":{"start":{"line":30,"column":33},"end":{"line":34,"column":1}}},"3":{"name":"(anonymous_4)","decl":{"start":{"line":39,"column":22},"end":{"line":39,"column":27}},"loc":{"start":{"line":39,"column":33},"end":{"line":46,"column":1}}}},"branchMap":{},"s":{"0":2,"1":2,"2":2,"3":2,"4":2,"5":2,"6":2,"7":2,"8":2,"9":2,"10":2,"11":2,"12":2,"13":0,"14":0,"15":0,"16":2,"17":2,"18":2,"19":2,"20":2,"21":2,"22":2},"f":{"0":2,"1":2,"2":0,"3":2},"b":{}}
,"/Users/kohvinleon/Documents/CS3219-G22/backend/chat/__tests__/__fixtures__/make-fake-chat.ts": {"path":"/Users/kohvinleon/Documents/CS3219-G22/backend/chat/__tests__/__fixtures__/make-fake-chat.ts","statementMap":{"0":{"start":{"line":1,"column":0},"end":{"line":1,"column":26}},"1":{"start":{"line":2,"column":0},"end":{"line":2,"column":33}},"2":{"start":{"line":6,"column":2},"end":{"line":22,"column":4}},"3":{"start":{"line":5,"column":0},"end":{"line":5,"column":15}}},"fnMap":{"0":{"name":"makeFakeChat","decl":{"start":{"line":5,"column":30},"end":{"line":5,"column":42}},"loc":{"start":{"line":5,"column":82},"end":{"line":23,"column":1}}}},"branchMap":{"0":{"loc":{"start":{"line":5,"column":43},"end":{"line":5,"column":82}},"type":"default-arg","locations":[{"start":{"line":5,"column":80},"end":{"line":5,"column":82}}]}},"s":{"0":3,"1":3,"2":6,"3":3},"f":{"0":6},"b":{"0":[3]}}
,"/Users/kohvinleon/Documents/CS3219-G22/backend/chat/src/data-access/make-chat-db.ts": {"path":"/Users/kohvinleon/Documents/CS3219-G22/backend/chat/src/data-access/make-chat-db.ts","statementMap":{"0":{"start":{"line":5,"column":0},"end":{"line":5,"column":36}},"1":{"start":{"line":9,"column":2},"end":{"line":66,"column":7}},"2":{"start":{"line":11,"column":21},"end":{"line":11,"column":62}},"3":{"start":{"line":12,"column":22},"end":{"line":12,"column":72}},"4":{"start":{"line":13,"column":6},"end":{"line":15,"column":null}},"5":{"start":{"line":14,"column":8},"end":{"line":14,"column":33}},"6":{"start":{"line":16,"column":6},"end":{"line":16,"column":18}},"7":{"start":{"line":20,"column":23},"end":{"line":20,"column":53}},"8":{"start":{"line":21,"column":6},"end":{"line":23,"column":null}},"9":{"start":{"line":22,"column":8},"end":{"line":22,"column":34}},"10":{"start":{"line":24,"column":6},"end":{"line":24,"column":18}},"11":{"start":{"line":28,"column":31},"end":{"line":28,"column":56}},"12":{"start":{"line":29,"column":23},"end":{"line":29,"column":92}},"13":{"start":{"line":30,"column":6},"end":{"line":32,"column":null}},"14":{"start":{"line":31,"column":8},"end":{"line":31,"column":54}},"15":{"start":{"line":31,"column":38},"end":{"line":31,"column":52}},"16":{"start":{"line":33,"column":6},"end":{"line":33,"column":16}},"17":{"start":{"line":37,"column":31},"end":{"line":37,"column":83}},"18":{"start":{"line":38,"column":23},"end":{"line":38,"column":66}},"19":{"start":{"line":39,"column":6},"end":{"line":41,"column":null}},"20":{"start":{"line":40,"column":8},"end":{"line":40,"column":34}},"21":{"start":{"line":42,"column":6},"end":{"line":42,"column":18}},"22":{"start":{"line":46,"column":6},"end":{"line":46,"column":84}},"23":{"start":{"line":47,"column":22},"end":{"line":47,"column":76}},"24":{"start":{"line":48,"column":6},"end":{"line":50,"column":null}},"25":{"start":{"line":49,"column":8},"end":{"line":49,"column":33}},"26":{"start":{"line":51,"column":6},"end":{"line":51,"column":18}},"27":{"start":{"line":55,"column":23},"end":{"line":55,"column":98}},"28":{"start":{"line":56,"column":6},"end":{"line":58,"column":null}},"29":{"start":{"line":57,"column":8},"end":{"line":57,"column":34}},"30":{"start":{"line":59,"column":6},"end":{"line":59,"column":18}},"31":{"start":{"line":63,"column":21},"end":{"line":63,"column":61}},"32":{"start":{"line":64,"column":6},"end":{"line":64,"column":37}},"33":{"start":{"line":8,"column":0},"end":{"line":8,"column":24}}},"fnMap":{"0":{"name":"makeChatService","decl":{"start":{"line":8,"column":24},"end":{"line":8,"column":39}},"loc":{"start":{"line":8,"column":115},"end":{"line":67,"column":1}}},"1":{"name":"(anonymous_2)","decl":{"start":{"line":10,"column":4},"end":{"line":10,"column":9}},"loc":{"start":{"line":10,"column":46},"end":{"line":17,"column":5}}},"2":{"name":"(anonymous_3)","decl":{"start":{"line":19,"column":4},"end":{"line":19,"column":9}},"loc":{"start":{"line":19,"column":41},"end":{"line":25,"column":5}}},"3":{"name":"(anonymous_4)","decl":{"start":{"line":27,"column":4},"end":{"line":27,"column":9}},"loc":{"start":{"line":27,"column":17},"end":{"line":34,"column":5}}},"4":{"name":"(anonymous_5)","decl":{"start":{"line":31,"column":28},"end":{"line":31,"column":29}},"loc":{"start":{"line":31,"column":38},"end":{"line":31,"column":52}}},"5":{"name":"(anonymous_6)","decl":{"start":{"line":36,"column":4},"end":{"line":36,"column":9}},"loc":{"start":{"line":36,"column":58},"end":{"line":43,"column":5}}},"6":{"name":"(anonymous_7)","decl":{"start":{"line":45,"column":4},"end":{"line":45,"column":9}},"loc":{"start":{"line":45,"column":46},"end":{"line":52,"column":5}}},"7":{"name":"(anonymous_8)","decl":{"start":{"line":54,"column":4},"end":{"line":54,"column":9}},"loc":{"start":{"line":54,"column":39},"end":{"line":60,"column":5}}},"8":{"name":"(anonymous_9)","decl":{"start":{"line":62,"column":4},"end":{"line":62,"column":9}},"loc":{"start":{"line":62,"column":43},"end":{"line":65,"column":5}}}},"branchMap":{"0":{"loc":{"start":{"line":12,"column":55},"end":{"line":12,"column":69}},"type":"cond-expr","locations":[{"start":{"line":12,"column":64},"end":{"line":12,"column":66}},{"start":{"line":12,"column":64},"end":{"line":12,"column":69}}]},"1":{"loc":{"start":{"line":12,"column":55},"end":{"line":12,"column":66}},"type":"binary-expr","locations":[{"start":{"line":12,"column":55},"end":{"line":12,"column":66}},{"start":{"line":12,"column":64},"end":{"line":12,"column":66}}]},"2":{"loc":{"start":{"line":13,"column":6},"end":{"line":15,"column":null}},"type":"if","locations":[{"start":{"line":13,"column":6},"end":{"line":15,"column":null}}]},"3":{"loc":{"start":{"line":21,"column":6},"end":{"line":23,"column":null}},"type":"if","locations":[{"start":{"line":21,"column":6},"end":{"line":23,"column":null}}]},"4":{"loc":{"start":{"line":30,"column":6},"end":{"line":32,"column":null}},"type":"if","locations":[{"start":{"line":30,"column":6},"end":{"line":32,"column":null}}]},"5":{"loc":{"start":{"line":39,"column":6},"end":{"line":41,"column":null}},"type":"if","locations":[{"start":{"line":39,"column":6},"end":{"line":41,"column":null}}]},"6":{"loc":{"start":{"line":48,"column":6},"end":{"line":50,"column":null}},"type":"if","locations":[{"start":{"line":48,"column":6},"end":{"line":50,"column":null}}]},"7":{"loc":{"start":{"line":56,"column":6},"end":{"line":58,"column":null}},"type":"if","locations":[{"start":{"line":56,"column":6},"end":{"line":58,"column":null}}]}},"s":{"0":2,"1":2,"2":2,"3":2,"4":2,"5":2,"6":0,"7":2,"8":2,"9":2,"10":0,"11":0,"12":0,"13":0,"14":0,"15":0,"16":0,"17":0,"18":0,"19":0,"20":0,"21":0,"22":1,"23":0,"24":0,"25":0,"26":0,"27":0,"28":0,"29":0,"30":0,"31":0,"32":0,"33":2},"f":{"0":2,"1":2,"2":2,"3":0,"4":0,"5":0,"6":1,"7":0,"8":0},"b":{"0":[0,2],"1":[2,2],"2":[2],"3":[2],"4":[0],"5":[0],"6":[0],"7":[0]}}
,"/Users/kohvinleon/Documents/CS3219-G22/backend/chat/src/data-access/models/index.ts": {"path":"/Users/kohvinleon/Documents/CS3219-G22/backend/chat/src/data-access/models/index.ts","statementMap":{"0":{"start":{"line":1,"column":0},"end":{"line":1,"column":32}},"1":{"start":{"line":2,"column":0},"end":{"line":2,"column":41}},"2":{"start":{"line":5,"column":20},"end":{"line":5,"column":81}},"3":{"start":{"line":8,"column":9},"end":{"line":8,"column":20}},"4":{"start":{"line":7,"column":0},"end":{"line":7,"column":46}}},"fnMap":{},"branchMap":{},"s":{"0":2,"1":2,"2":2,"3":2,"4":2},"f":{},"b":{}}
,"/Users/kohvinleon/Documents/CS3219-G22/backend/chat/src/data-access/schemas/chat.ts": {"path":"/Users/kohvinleon/Documents/CS3219-G22/backend/chat/src/data-access/schemas/chat.ts","statementMap":{"0":{"start":{"line":1,"column":0},"end":{"line":1,"column":34}},"1":{"start":{"line":3,"column":20},"end":{"line":8,"column":2}},"2":{"start":{"line":10,"column":19},"end":{"line":31,"column":null}},"3":{"start":{"line":34,"column":0},"end":{"line":34,"column":26}}},"fnMap":{},"branchMap":{},"s":{"0":2,"1":2,"2":2,"3":2},"f":{},"b":{}}
,"/Users/kohvinleon/Documents/CS3219-G22/backend/chat/src/entities/chat.ts": {"path":"/Users/kohvinleon/Documents/CS3219-G22/backend/chat/src/entities/chat.ts","statementMap":{"0":{"start":{"line":18,"column":4},"end":{"line":20,"column":null}},"1":{"start":{"line":19,"column":6},"end":{"line":19,"column":47}},"2":{"start":{"line":22,"column":4},"end":{"line":24,"column":null}},"3":{"start":{"line":23,"column":6},"end":{"line":23,"column":52}},"4":{"start":{"line":26,"column":4},"end":{"line":28,"column":null}},"5":{"start":{"line":27,"column":6},"end":{"line":27,"column":51}},"6":{"start":{"line":30,"column":4},"end":{"line":30,"column":19}},"7":{"start":{"line":31,"column":4},"end":{"line":31,"column":29}},"8":{"start":{"line":32,"column":4},"end":{"line":32,"column":27}},"9":{"start":{"line":33,"column":4},"end":{"line":33,"column":33}},"10":{"start":{"line":34,"column":4},"end":{"line":34,"column":33}},"11":{"start":{"line":35,"column":4},"end":{"line":35,"column":33}},"12":{"start":{"line":4,"column":0},"end":{"line":4,"column":21}}},"fnMap":{"0":{"name":"(anonymous_0)","decl":{"start":{"line":17,"column":2},"end":{"line":17,"column":14}},"loc":{"start":{"line":17,"column":83},"end":{"line":36,"column":3}}}},"branchMap":{"0":{"loc":{"start":{"line":18,"column":4},"end":{"line":20,"column":null}},"type":"if","locations":[{"start":{"line":18,"column":4},"end":{"line":20,"column":null}}]},"1":{"loc":{"start":{"line":22,"column":4},"end":{"line":24,"column":null}},"type":"if","locations":[{"start":{"line":22,"column":4},"end":{"line":24,"column":null}}]},"2":{"loc":{"start":{"line":26,"column":4},"end":{"line":28,"column":null}},"type":"if","locations":[{"start":{"line":26,"column":4},"end":{"line":28,"column":null}}]}},"s":{"0":10,"1":1,"2":9,"3":1,"4":8,"5":1,"6":7,"7":7,"8":7,"9":7,"10":7,"11":7,"12":3},"f":{"0":10},"b":{"0":[1],"1":[1],"2":[1]}}
,"/Users/kohvinleon/Documents/CS3219-G22/backend/chat/src/use-cases/chat/create-chat.ts": {"path":"/Users/kohvinleon/Documents/CS3219-G22/backend/chat/src/use-cases/chat/create-chat.ts","statementMap":{"0":{"start":{"line":12,"column":2},"end":{"line":15,"column":4}},"1":{"start":{"line":13,"column":25},"end":{"line":13,"column":57}},"2":{"start":{"line":14,"column":4},"end":{"line":14,"column":24}},"3":{"start":{"line":11,"column":0},"end":{"line":11,"column":24}}},"fnMap":{"0":{"name":"makeCreateChat","decl":{"start":{"line":11,"column":24},"end":{"line":11,"column":38}},"loc":{"start":{"line":11,"column":70},"end":{"line":16,"column":1}}},"1":{"name":"createChat","decl":{"start":{"line":12,"column":24},"end":{"line":12,"column":34}},"loc":{"start":{"line":12,"column":67},"end":{"line":15,"column":3}}}},"branchMap":{},"s":{"0":2,"1":2,"2":2,"3":2},"f":{"0":2,"1":2},"b":{}}
,"/Users/kohvinleon/Documents/CS3219-G22/backend/chat/src/use-cases/chat/get-chat-by-id.ts": {"path":"/Users/kohvinleon/Documents/CS3219-G22/backend/chat/src/use-cases/chat/get-chat-by-id.ts","statementMap":{"0":{"start":{"line":7,"column":2},"end":{"line":14,"column":4}},"1":{"start":{"line":8,"column":17},"end":{"line":8,"column":46}},"2":{"start":{"line":9,"column":4},"end":{"line":11,"column":null}},"3":{"start":{"line":10,"column":6},"end":{"line":10,"column":52}},"4":{"start":{"line":13,"column":4},"end":{"line":13,"column":16}},"5":{"start":{"line":6,"column":0},"end":{"line":6,"column":24}}},"fnMap":{"0":{"name":"makeGetChatById","decl":{"start":{"line":6,"column":24},"end":{"line":6,"column":39}},"loc":{"start":{"line":6,"column":71},"end":{"line":15,"column":1}}},"1":{"name":"getChatById","decl":{"start":{"line":7,"column":24},"end":{"line":7,"column":35}},"loc":{"start":{"line":7,"column":58},"end":{"line":14,"column":3}}}},"branchMap":{"0":{"loc":{"start":{"line":9,"column":4},"end":{"line":11,"column":null}},"type":"if","locations":[{"start":{"line":9,"column":4},"end":{"line":11,"column":null}}]}},"s":{"0":1,"1":1,"2":1,"3":0,"4":1,"5":1},"f":{"0":1,"1":1},"b":{"0":[0]}}
,"/Users/kohvinleon/Documents/CS3219-G22/backend/chat/src/use-cases/chat/update-chat.ts": {"path":"/Users/kohvinleon/Documents/CS3219-G22/backend/chat/src/use-cases/chat/update-chat.ts","statementMap":{"0":{"start":{"line":1,"column":0},"end":{"line":1,"column":39}},"1":{"start":{"line":8,"column":2},"end":{"line":22,"column":4}},"2":{"start":{"line":13,"column":29},"end":{"line":13,"column":40}},"3":{"start":{"line":14,"column":21},"end":{"line":14,"column":59}},"4":{"start":{"line":15,"column":4},"end":{"line":17,"column":null}},"5":{"start":{"line":16,"column":6},"end":{"line":16,"column":57}},"6":{"start":{"line":19,"column":17},"end":{"line":19,"column":95}},"7":{"start":{"line":20,"column":25},"end":{"line":20,"column":50}},"8":{"start":{"line":21,"column":4},"end":{"line":21,"column":24}},"9":{"start":{"line":7,"column":0},"end":{"line":7,"column":24}}},"fnMap":{"0":{"name":"makeUpdateChat","decl":{"start":{"line":7,"column":24},"end":{"line":7,"column":38}},"loc":{"start":{"line":7,"column":70},"end":{"line":23,"column":1}}},"1":{"name":"updateChat","decl":{"start":{"line":8,"column":24},"end":{"line":8,"column":34}},"loc":{"start":{"line":12,"column":3},"end":{"line":22,"column":3}}}},"branchMap":{"0":{"loc":{"start":{"line":15,"column":4},"end":{"line":17,"column":null}},"type":"if","locations":[{"start":{"line":15,"column":4},"end":{"line":17,"column":null}}]}},"s":{"0":1,"1":1,"2":1,"3":1,"4":1,"5":0,"6":1,"7":1,"8":0,"9":1},"f":{"0":1,"1":1},"b":{"0":[0]}}
}
