TN:
SF:__tests__/__fixtures__/jest-mongo.ts
FN:5,(anonymous_1)
FN:14,connect
FN:30,(anonymous_3)
FN:39,(anonymous_4)
FNF:4
FNH:3
FNDA:2,(anonymous_1)
FNDA:2,connect
FNDA:0,(anonymous_3)
FNDA:2,(anonymous_4)
DA:1,2
DA:2,2
DA:3,2
DA:5,2
DA:6,2
DA:9,2
DA:15,2
DA:17,2
DA:24,2
DA:30,2
DA:31,0
DA:32,0
DA:33,0
DA:39,2
DA:40,2
DA:42,2
DA:43,2
DA:44,2
DA:48,2
LF:19
LH:16
BRF:0
BRH:0
end_of_record
TN:
SF:__tests__/__fixtures__/make-fake-chat.ts
FN:5,makeFakeChat
FNF:1
FNH:1
FNDA:6,makeFakeChat
DA:1,3
DA:2,3
DA:5,3
DA:6,6
LF:4
LH:4
BRDA:5,0,0,3
BRF:1
BRH:1
end_of_record
TN:
SF:src/data-access/make-chat-db.ts
FN:8,makeChatService
FN:10,(anonymous_2)
FN:19,(anonymous_3)
FN:27,(anonymous_4)
FN:31,(anonymous_5)
FN:36,(anonymous_6)
FN:45,(anonymous_7)
FN:54,(anonymous_8)
FN:62,(anonymous_9)
FNF:9
FNH:4
FNDA:2,makeChatService
FNDA:2,(anonymous_2)
FNDA:2,(anonymous_3)
FNDA:0,(anonymous_4)
FNDA:0,(anonymous_5)
FNDA:0,(anonymous_6)
FNDA:1,(anonymous_7)
FNDA:0,(anonymous_8)
FNDA:0,(anonymous_9)
DA:5,2
DA:8,2
DA:9,2
DA:11,2
DA:12,2
DA:13,2
DA:14,2
DA:16,0
DA:20,2
DA:21,2
DA:22,2
DA:24,0
DA:28,0
DA:29,0
DA:30,0
DA:31,0
DA:33,0
DA:37,0
DA:38,0
DA:39,0
DA:40,0
DA:42,0
DA:46,1
DA:47,0
DA:48,0
DA:49,0
DA:51,0
DA:55,0
DA:56,0
DA:57,0
DA:59,0
DA:63,0
DA:64,0
LF:33
LH:11
BRDA:12,0,0,0
BRDA:12,0,1,2
BRDA:12,1,0,2
BRDA:12,1,1,2
BRDA:13,2,0,2
BRDA:21,3,0,2
BRDA:30,4,0,0
BRDA:39,5,0,0
BRDA:48,6,0,0
BRDA:56,7,0,0
BRF:10
BRH:5
end_of_record
TN:
SF:src/data-access/models/index.ts
FNF:0
FNH:0
DA:1,2
DA:2,2
DA:5,2
DA:7,2
DA:8,2
LF:5
LH:5
BRF:0
BRH:0
end_of_record
TN:
SF:src/data-access/schemas/chat.ts
FNF:0
FNH:0
DA:1,2
DA:3,2
DA:10,2
DA:34,2
LF:4
LH:4
BRF:0
BRH:0
end_of_record
TN:
SF:src/entities/chat.ts
FN:17,(anonymous_0)
FNF:1
FNH:1
FNDA:10,(anonymous_0)
DA:4,3
DA:18,10
DA:19,1
DA:22,9
DA:23,1
DA:26,8
DA:27,1
DA:30,7
DA:31,7
DA:32,7
DA:33,7
DA:34,7
DA:35,7
LF:13
LH:13
BRDA:18,0,0,1
BRDA:22,1,0,1
BRDA:26,2,0,1
BRF:3
BRH:3
end_of_record
TN:
SF:src/use-cases/chat/create-chat.ts
FN:11,makeCreateChat
FN:12,createChat
FNF:2
FNH:2
FNDA:2,makeCreateChat
FNDA:2,createChat
DA:11,2
DA:12,2
DA:13,2
DA:14,2
LF:4
LH:4
BRF:0
BRH:0
end_of_record
TN:
SF:src/use-cases/chat/get-chat-by-id.ts
FN:6,makeGetChatById
FN:7,getChatById
FNF:2
FNH:2
FNDA:1,makeGetChatById
FNDA:1,getChatById
DA:6,1
DA:7,1
DA:8,1
DA:9,1
DA:10,0
DA:13,1
LF:6
LH:5
BRDA:9,0,0,0
BRF:1
BRH:0
end_of_record
TN:
SF:src/use-cases/chat/update-chat.ts
FN:7,makeUpdateChat
FN:8,updateChat
FNF:2
FNH:2
FNDA:1,makeUpdateChat
FNDA:1,updateChat
DA:1,1
DA:7,1
DA:8,1
DA:13,1
DA:14,1
DA:15,1
DA:16,0
DA:19,1
DA:20,1
DA:21,0
LF:10
LH:8
BRDA:15,0,0,0
BRF:1
BRH:0
end_of_record
